2008-10-03 12:16:07 Debug: Notice (1024): Please change the value of 'Security.salt' in app/config/core.php to a salt value specific to your application in [CORE\cake\libs\debugger.php, line 541]
2008-10-03 12:19:39 Debug: Notice (1024): Please change the value of 'Security.salt' in app/config/core.php to a salt value specific to your application in [CORE\cake\libs\debugger.php, line 541]
2008-10-03 12:25:54 Debug: Notice (1024): Please change the value of 'Security.salt' in app/config/core.php to a salt value specific to your application in [CORE\cake\libs\debugger.php, line 541]
2008-10-03 12:28:35 Debug: Notice (1024): Please change the value of 'Security.salt' in app/config/core.php to a salt value specific to your application in [CORE\cake\libs\debugger.php, line 541]
2008-10-03 12:30:51 Debug: Notice (1024): Please change the value of 'Security.salt' in app/config/core.php to a salt value specific to your application in [CORE\cake\libs\debugger.php, line 541]
2008-10-09 18:09:58 Debug: Notice (8): Undefined index:  saf in [APP\views\coresettings\index.ctp, line 31]
2008-10-09 18:10:19 Debug: Notice (8): Undefined index:  site in [APP\views\sites\view.ctp, line 11]
2008-10-09 18:18:20 Debug: Notice (8): Undefined index:  name in [APP\views\projects\view.ctp, line 85]
2008-10-09 18:23:09 Debug: Notice (8): Undefined index:  name in [APP\views\projects\view.ctp, line 85]
2008-10-09 18:28:36 Debug: Notice (8): Undefined index:  name in [APP\views\projects\view.ctp, line 85]
2008-10-09 18:28:51 Debug: Notice (8): Undefined index:  sites in [APP\views\projects\view.ctp, line 85]
2008-10-09 18:29:21 Debug: Notice (8): Undefined variable: coresettings in [APP\views\projects\view.ctp, line 84]
2008-10-09 18:29:21 Debug: Notice (8): Undefined index:  sites in [APP\views\projects\view.ctp, line 86]
2008-10-09 18:29:32 Debug: Notice (8): Undefined index:  sites in [APP\views\projects\view.ctp, line 86]
2008-10-09 18:33:57 Debug: Notice (8): Undefined index:  sites in [APP\views\projects\view.ctp, line 86]
2008-10-09 18:40:35 Debug: Notice (8): Undefined index:  project in [APP\views\projects\view.ctp, line 91]
2008-10-09 19:27:18 Debug: Notice (8): Undefined index:  Site in [APP\views\projects\view.ctp, line 85]
2008-10-09 19:27:18 Debug: Notice (8): Undefined index:  Project in [APP\views\projects\view.ctp, line 86]
2008-10-11 21:10:37 Debug: Notice (8): Undefined variable: id in [APP\plugins\acl\controllers\acl_acos_controller.php, line 31]
2008-10-11 21:10:37 Debug: Notice (8): Undefined variable: id in [APP\plugins\acl\controllers\acl_acos_controller.php, line 33]
2008-10-11 21:11:51 Debug: Notice (8): Undefined variable: id in [APP\plugins\acl\controllers\acl_acos_controller.php, line 31]
2008-10-11 21:11:51 Debug: Notice (8): Undefined variable: id in [APP\plugins\acl\controllers\acl_acos_controller.php, line 33]
2008-10-11 21:12:08 Debug: Notice (8): Undefined variable: id in [APP\plugins\acl\controllers\acl_acos_controller.php, line 31]
2008-10-11 21:12:08 Debug: Notice (8): Undefined variable: id in [APP\plugins\acl\controllers\acl_acos_controller.php, line 33]
2008-10-11 21:19:42 Debug: Notice (8): Undefined variable: id in [APP\plugins\acl\controllers\acl_aros_controller.php, line 7]
2008-10-11 21:20:00 Debug: Notice (8): Undefined variable: id in [APP\plugins\acl\controllers\acl_acos_controller.php, line 31]
2008-10-11 21:20:00 Debug: Notice (8): Undefined variable: id in [APP\plugins\acl\controllers\acl_acos_controller.php, line 33]
2008-10-11 21:27:07 Debug: Notice (8): Undefined variable: id in [APP\plugins\acl\controllers\acl_acos_controller.php, line 31]
2008-10-11 21:27:07 Debug: Notice (8): Undefined variable: id in [APP\plugins\acl\controllers\acl_acos_controller.php, line 33]
2008-10-11 21:28:08 Debug: Notice (8): Undefined variable: id in [APP\plugins\acl\controllers\acl_acos_controller.php, line 31]
2008-10-11 21:28:08 Debug: Notice (8): Undefined variable: id in [APP\plugins\acl\controllers\acl_acos_controller.php, line 33]
2008-10-11 21:28:44 Debug: Notice (8): Undefined variable: id in [APP\plugins\acl\controllers\acl_acos_controller.php, line 31]
2008-10-11 21:28:44 Debug: Notice (8): Undefined variable: id in [APP\plugins\acl\controllers\acl_acos_controller.php, line 33]
2008-10-11 21:29:07 Debug: Notice (8): Undefined variable: id in [APP\plugins\acl\controllers\acl_acos_controller.php, line 31]
2008-10-11 21:29:07 Debug: Notice (8): Undefined variable: id in [APP\plugins\acl\controllers\acl_acos_controller.php, line 33]
2008-10-11 21:29:39 Debug: Notice (8): Undefined variable: id in [APP\plugins\acl\controllers\acl_acos_controller.php, line 31]
2008-10-11 21:29:39 Debug: Notice (8): Undefined variable: id in [APP\plugins\acl\controllers\acl_acos_controller.php, line 33]
2008-10-11 21:30:06 Debug: Notice (8): Undefined variable: id in [APP\plugins\acl\controllers\acl_acos_controller.php, line 31]
2008-10-11 21:30:06 Debug: Notice (8): Undefined variable: id in [APP\plugins\acl\controllers\acl_acos_controller.php, line 33]
2008-10-11 21:30:15 Debug: Notice (8): Undefined variable: id in [APP\plugins\acl\controllers\acl_acos_controller.php, line 31]
2008-10-11 21:30:15 Debug: Notice (8): Undefined variable: id in [APP\plugins\acl\controllers\acl_acos_controller.php, line 33]
2008-10-11 21:30:54 Debug: Notice (8): Undefined variable: id in [APP\plugins\acl\controllers\acl_acos_controller.php, line 31]
2008-10-11 21:30:54 Debug: Notice (8): Undefined variable: id in [APP\plugins\acl\controllers\acl_acos_controller.php, line 33]
2008-10-11 21:32:18 Debug: Notice (8): Undefined variable: id in [APP\plugins\acl\controllers\acl_acos_controller.php, line 31]
2008-10-11 21:32:18 Debug: Notice (8): Undefined variable: id in [APP\plugins\acl\controllers\acl_acos_controller.php, line 33]
2008-10-11 21:33:19 Debug: Notice (8): Undefined variable: id in [APP\plugins\acl\controllers\acl_acos_controller.php, line 31]
2008-10-11 21:33:19 Debug: Notice (8): Undefined variable: id in [APP\plugins\acl\controllers\acl_acos_controller.php, line 33]
2008-10-11 21:39:14 Debug: Notice (8): Undefined variable: id in [APP\plugins\acl\controllers\acl_acos_controller.php, line 31]
2008-10-11 21:39:14 Debug: Notice (8): Undefined variable: id in [APP\plugins\acl\controllers\acl_acos_controller.php, line 33]
2008-10-11 21:39:35 Debug: Notice (8): Undefined variable: id in [APP\plugins\acl\controllers\acl_acos_controller.php, line 32]
2008-10-11 21:39:35 Debug: Notice (8): Undefined variable: id in [APP\plugins\acl\controllers\acl_acos_controller.php, line 34]
2008-10-11 21:39:52 Debug: Notice (8): Use of undefined constant asd - assumed 'asd' in [APP\plugins\acl\controllers\acl_acos_controller.php, line 30]
2008-10-11 21:39:52 Debug: Notice (8): Undefined variable: id in [APP\plugins\acl\controllers\acl_acos_controller.php, line 33]
2008-10-11 21:39:52 Debug: Notice (8): Undefined variable: id in [APP\plugins\acl\controllers\acl_acos_controller.php, line 35]
2008-10-11 21:39:55 Debug: Notice (8): Use of undefined constant asd - assumed 'asd' in [APP\plugins\acl\controllers\acl_acos_controller.php, line 30]
2008-10-11 21:39:55 Debug: Notice (8): Undefined variable: id in [APP\plugins\acl\controllers\acl_acos_controller.php, line 33]
2008-10-11 21:39:55 Debug: Notice (8): Undefined variable: id in [APP\plugins\acl\controllers\acl_acos_controller.php, line 35]
2008-10-11 21:39:56 Debug: Notice (8): Use of undefined constant asd - assumed 'asd' in [APP\plugins\acl\controllers\acl_acos_controller.php, line 30]
2008-10-11 21:39:58 Debug: Notice (8): Use of undefined constant asd - assumed 'asd' in [APP\plugins\acl\controllers\acl_acos_controller.php, line 30]
2008-10-11 21:50:49 Debug: Notice (8): Undefined variable: id in [APP\plugins\acl\controllers\acl_acos_controller.php, line 32]
2008-10-11 21:50:49 Debug: Notice (8): Undefined variable: id in [APP\plugins\acl\controllers\acl_acos_controller.php, line 34]
2008-10-11 21:50:51 Debug: Notice (8): Undefined variable: id in [APP\plugins\acl\controllers\acl_acos_controller.php, line 32]
2008-10-11 21:50:51 Debug: Notice (8): Undefined variable: id in [APP\plugins\acl\controllers\acl_acos_controller.php, line 34]
2008-10-11 21:51:08 Debug: Notice (8): Undefined variable: id in [APP\plugins\acl\controllers\acl_acos_controller.php, line 32]
2008-10-11 21:51:08 Debug: Notice (8): Undefined variable: id in [APP\plugins\acl\controllers\acl_acos_controller.php, line 34]
2008-10-11 21:52:33 Debug: Notice (8): Undefined variable: id in [APP\plugins\acl\controllers\acl_acos_controller.php, line 32]
2008-10-11 21:52:33 Debug: Notice (8): Undefined variable: id in [APP\plugins\acl\controllers\acl_acos_controller.php, line 34]
2008-10-11 21:53:18 Debug: Notice (8): Undefined variable: id in [APP\plugins\acl\controllers\acl_acos_controller.php, line 32]
2008-10-11 21:53:18 Debug: Notice (8): Undefined variable: id in [APP\plugins\acl\controllers\acl_acos_controller.php, line 34]
2008-10-11 21:55:05 Debug: Notice (8): Undefined variable: id in [APP\plugins\acl\controllers\acl_acos_controller.php, line 32]
2008-10-11 21:55:05 Debug: Notice (8): Undefined variable: id in [APP\plugins\acl\controllers\acl_acos_controller.php, line 34]
2008-10-11 21:56:07 Debug: Notice (8): Undefined variable: id in [APP\plugins\acl\controllers\acl_acos_controller.php, line 32]
2008-10-11 21:56:07 Debug: Notice (8): Undefined variable: id in [APP\plugins\acl\controllers\acl_acos_controller.php, line 34]
2008-10-11 21:57:22 Debug: Notice (8): Undefined variable: id in [APP\plugins\acl\controllers\acl_acos_controller.php, line 32]
2008-10-11 21:57:22 Debug: Notice (8): Undefined variable: id in [APP\plugins\acl\controllers\acl_acos_controller.php, line 34]
2008-10-11 21:58:07 Debug: Notice (8): Undefined variable: id in [APP\plugins\acl\controllers\acl_acos_controller.php, line 32]
2008-10-11 21:58:07 Debug: Notice (8): Undefined variable: id in [APP\plugins\acl\controllers\acl_acos_controller.php, line 34]
2008-10-11 22:23:14 Debug: Notice (8): Undefined index:  username in [CORE\cake\libs\controller\components\auth.php, line 307]
2008-10-11 22:24:20 Debug: Notice (8): Undefined index:  username in [CORE\cake\libs\controller\components\auth.php, line 307]
2008-10-11 22:24:20 Debug: Notice (8): Undefined variable: data in [APP\controllers\users_controller.php, line 14]
2008-10-11 22:24:39 Debug: Notice (8): Undefined index:  username in [CORE\cake\libs\controller\components\auth.php, line 307]
2008-10-11 22:25:22 Debug: Notice (8): Undefined index:  name in [APP\views\projects\index.ctp, line 39]
2008-10-11 22:41:58 Debug: Notice (8): Undefined property: View::$Auth in [APP\views\layouts\default.ctp, line 48]
2008-10-11 22:42:22 Debug: Notice (8): Undefined variable: Auth in [APP\views\layouts\default.ctp, line 48]
2008-10-11 22:42:28 Debug: Notice (8): Undefined variable: auth in [APP\views\layouts\default.ctp, line 48]
2008-10-11 22:47:25 Debug: Notice (8): Undefined index:  username in [APP\views\projects\index.ctp, line 39]
2008-10-11 22:51:01 Debug: Notice (8): Undefined index:  name in [CORE\cake\libs\controller\components\auth.php, line 307]
2008-10-17 14:06:05 Debug: Notice (8): Undefined variable: id in [APP\plugins\acl\controllers\acl_acos_controller.php, line 32]
2008-10-17 14:06:05 Debug: Notice (8): Undefined variable: id in [APP\plugins\acl\controllers\acl_acos_controller.php, line 34]
2008-10-17 14:06:22 Debug: Notice (8): Undefined variable: id in [APP\plugins\acl\controllers\acl_acos_controller.php, line 32]
2008-10-17 14:06:22 Debug: Notice (8): Undefined variable: id in [APP\plugins\acl\controllers\acl_acos_controller.php, line 34]
2008-10-17 14:06:41 Debug: Notice (8): Undefined variable: id in [APP\plugins\acl\controllers\acl_acos_controller.php, line 32]
2008-10-17 14:06:41 Debug: Notice (8): Undefined variable: id in [APP\plugins\acl\controllers\acl_acos_controller.php, line 34]
2008-10-17 14:17:46 Debug: Notice (8): Undefined variable: data in [APP\controllers\users_controller.php, line 50]
2008-10-17 14:49:33 Debug: Notice (8): Undefined property: UsersController::$settings in [CORE\cake\libs\model\behaviors\acl.php, line 91]
2008-10-17 14:49:33 Debug: Notice (8): Undefined property: UsersController::$__typeMaps in [CORE\cake\libs\model\behaviors\acl.php, line 91]
2008-10-17 14:57:06 Debug: Notice (8): Undefined property: UsersController::$settings in [CORE\cake\libs\model\behaviors\acl.php, line 91]
2008-10-17 14:57:06 Debug: Notice (8): Undefined property: UsersController::$__typeMaps in [CORE\cake\libs\model\behaviors\acl.php, line 91]
2008-10-17 15:31:56 Debug: Notice (8): Undefined variable: data in [CORE\cake\libs\model\behaviors\acl.php, line 100]
2008-10-17 15:32:13 Debug: Notice (8): Undefined property: AclBehavior::$data in [CORE\cake\libs\model\behaviors\acl.php, line 100]
2008-10-18 16:34:36 Debug: Notice (8): Undefined index:  mosConfig_sitename in [APP\views\layouts\default.ctp, line 58]
2008-10-18 16:35:16 Debug: Notice (8): Undefined index:  mosConfig_sitename in [APP\views\layouts\default.ctp, line 58]
2008-10-18 16:36:45 Debug: Notice (8): Undefined index:  mosConfig_sitename in [APP\views\layouts\default.ctp, line 59]
