2008-10-09 18:27:23 Warning: Warning (512): <span style = "color:Red;text-align:left"><b>SQL Error:</b> 1054: Unknown column 'Coresetting.name' in 'field list'</span> in [CORE\cake\libs\model\datasources\dbo_source.php, line 521]
2008-10-09 18:27:23 Warning: Warning (2): Invalid argument supplied for foreach() in [CORE\cake\libs\model\datasources\dbo_source.php, line 906]
2008-10-11 21:10:37 Warning: Warning (2): Missing argument 1 for AclAcosController::children(), called in C:\xampp\htdocs\cake\libs\object.php on line 114 and defined in [APP\plugins\acl\controllers\acl_acos_controller.php, line 28]
2008-10-11 21:11:51 Warning: Warning (2): Missing argument 1 for AclAcosController::children(), called in C:\xampp\htdocs\cake\libs\object.php on line 114 and defined in [APP\plugins\acl\controllers\acl_acos_controller.php, line 28]
2008-10-11 21:12:08 Warning: Warning (2): Missing argument 1 for AclAcosController::children(), called in C:\xampp\htdocs\cake\libs\object.php on line 114 and defined in [APP\plugins\acl\controllers\acl_acos_controller.php, line 28]
2008-10-11 21:19:42 Warning: Warning (2): Missing argument 1 for AclArosController::load(), called in C:\xampp\htdocs\cake\libs\object.php on line 114 and defined in [APP\plugins\acl\controllers\acl_aros_controller.php, line 5]
2008-10-11 21:20:00 Warning: Warning (2): Missing argument 1 for AclAcosController::children(), called in C:\xampp\htdocs\cake\libs\object.php on line 114 and defined in [APP\plugins\acl\controllers\acl_acos_controller.php, line 28]
2008-10-11 21:27:07 Warning: Warning (2): Missing argument 1 for AclAcosController::children(), called in C:\xampp\htdocs\cake\libs\object.php on line 114 and defined in [APP\plugins\acl\controllers\acl_acos_controller.php, line 28]
2008-10-11 21:28:08 Warning: Warning (2): Missing argument 1 for AclAcosController::children(), called in C:\xampp\htdocs\cake\libs\object.php on line 114 and defined in [APP\plugins\acl\controllers\acl_acos_controller.php, line 28]
2008-10-11 21:28:44 Warning: Warning (2): Missing argument 1 for AclAcosController::children(), called in C:\xampp\htdocs\cake\libs\object.php on line 114 and defined in [APP\plugins\acl\controllers\acl_acos_controller.php, line 28]
2008-10-11 21:29:07 Warning: Warning (2): Missing argument 1 for AclAcosController::children(), called in C:\xampp\htdocs\cake\libs\object.php on line 114 and defined in [APP\plugins\acl\controllers\acl_acos_controller.php, line 28]
2008-10-11 21:29:39 Warning: Warning (2): Missing argument 1 for AclAcosController::children(), called in C:\xampp\htdocs\cake\libs\object.php on line 114 and defined in [APP\plugins\acl\controllers\acl_acos_controller.php, line 28]
2008-10-11 21:30:06 Warning: Warning (2): Missing argument 1 for AclAcosController::children(), called in C:\xampp\htdocs\cake\libs\object.php on line 114 and defined in [APP\plugins\acl\controllers\acl_acos_controller.php, line 28]
2008-10-11 21:30:15 Warning: Warning (2): Missing argument 1 for AclAcosController::children(), called in C:\xampp\htdocs\cake\libs\object.php on line 114 and defined in [APP\plugins\acl\controllers\acl_acos_controller.php, line 28]
2008-10-11 21:30:54 Warning: Warning (2): Missing argument 1 for AclAcosController::children(), called in C:\xampp\htdocs\cake\libs\object.php on line 114 and defined in [APP\plugins\acl\controllers\acl_acos_controller.php, line 28]
2008-10-11 21:32:18 Warning: Warning (2): Missing argument 1 for AclAcosController::children(), called in C:\xampp\htdocs\cake\libs\object.php on line 114 and defined in [APP\plugins\acl\controllers\acl_acos_controller.php, line 28]
2008-10-11 21:33:19 Warning: Warning (2): Missing argument 1 for AclAcosController::children(), called in C:\xampp\htdocs\cake\libs\object.php on line 114 and defined in [APP\plugins\acl\controllers\acl_acos_controller.php, line 28]
2008-10-11 21:39:14 Warning: Warning (2): Missing argument 1 for AclAcosController::children(), called in C:\xampp\htdocs\cake\libs\object.php on line 114 and defined in [APP\plugins\acl\controllers\acl_acos_controller.php, line 28]
2008-10-11 21:39:35 Warning: Warning (2): Missing argument 1 for AclAcosController::children(), called in C:\xampp\htdocs\cake\libs\object.php on line 114 and defined in [APP\plugins\acl\controllers\acl_acos_controller.php, line 29]
2008-10-11 21:39:52 Warning: Warning (2): Missing argument 1 for AclAcosController::children(), called in C:\xampp\htdocs\cake\libs\object.php on line 114 and defined in [APP\plugins\acl\controllers\acl_acos_controller.php, line 29]
2008-10-11 21:39:52 Warning: Warning (2): print_r() expects at most 2 parameters, 3 given in [APP\plugins\acl\controllers\acl_acos_controller.php, line 30]
2008-10-11 21:39:55 Warning: Warning (2): Missing argument 1 for AclAcosController::children(), called in C:\xampp\htdocs\cake\libs\object.php on line 114 and defined in [APP\plugins\acl\controllers\acl_acos_controller.php, line 29]
2008-10-11 21:39:55 Warning: Warning (2): print_r() expects at most 2 parameters, 3 given in [APP\plugins\acl\controllers\acl_acos_controller.php, line 30]
2008-10-11 21:39:56 Warning: Warning (2): print_r() expects at most 2 parameters, 3 given in [APP\plugins\acl\controllers\acl_acos_controller.php, line 30]
2008-10-11 21:39:58 Warning: Warning (2): print_r() expects at most 2 parameters, 3 given in [APP\plugins\acl\controllers\acl_acos_controller.php, line 30]
2008-10-11 21:50:49 Warning: Warning (2): Missing argument 1 for AclAcosController::children(), called in C:\xampp\htdocs\cake\libs\object.php on line 114 and defined in [APP\plugins\acl\controllers\acl_acos_controller.php, line 29]
2008-10-11 21:50:51 Warning: Warning (2): Missing argument 1 for AclAcosController::children(), called in C:\xampp\htdocs\cake\libs\object.php on line 114 and defined in [APP\plugins\acl\controllers\acl_acos_controller.php, line 29]
2008-10-11 21:51:08 Warning: Warning (2): Missing argument 1 for AclAcosController::children(), called in C:\xampp\htdocs\cake\libs\object.php on line 114 and defined in [APP\plugins\acl\controllers\acl_acos_controller.php, line 29]
2008-10-11 21:52:33 Warning: Warning (2): Missing argument 1 for AclAcosController::children(), called in C:\xampp\htdocs\cake\libs\object.php on line 114 and defined in [APP\plugins\acl\controllers\acl_acos_controller.php, line 29]
2008-10-11 21:53:18 Warning: Warning (2): Missing argument 1 for AclAcosController::children(), called in C:\xampp\htdocs\cake\libs\object.php on line 114 and defined in [APP\plugins\acl\controllers\acl_acos_controller.php, line 29]
2008-10-11 21:55:05 Warning: Warning (2): Missing argument 1 for AclAcosController::children(), called in C:\xampp\htdocs\cake\libs\object.php on line 114 and defined in [APP\plugins\acl\controllers\acl_acos_controller.php, line 29]
2008-10-11 21:56:07 Warning: Warning (2): Missing argument 1 for AclAcosController::children(), called in C:\xampp\htdocs\cake\libs\object.php on line 114 and defined in [APP\plugins\acl\controllers\acl_acos_controller.php, line 29]
2008-10-11 21:57:22 Warning: Warning (2): Missing argument 1 for AclAcosController::children(), called in C:\xampp\htdocs\cake\libs\object.php on line 114 and defined in [APP\plugins\acl\controllers\acl_acos_controller.php, line 29]
2008-10-11 21:58:07 Warning: Warning (2): Missing argument 1 for AclAcosController::children(), called in C:\xampp\htdocs\cake\libs\object.php on line 114 and defined in [APP\plugins\acl\controllers\acl_acos_controller.php, line 29]
2008-10-11 22:14:35 Warning: Warning (512): <span style = "color:Red;text-align:left"><b>SQL Error:</b> 1054: Unknown column 'User.username' in 'where clause'</span> in [CORE\cake\libs\model\datasources\dbo_source.php, line 521]
2008-10-11 22:19:25 Warning: Warning (512): <span style = "color:Red;text-align:left"><b>SQL Error:</b> 1054: Unknown column 'User.username' in 'where clause'</span> in [CORE\cake\libs\model\datasources\dbo_source.php, line 521]
2008-10-11 22:20:25 Warning: Warning (512): <span style = "color:Red;text-align:left"><b>SQL Error:</b> 1054: Unknown column 'User.username' in 'where clause'</span> in [CORE\cake\libs\model\datasources\dbo_source.php, line 521]
2008-10-11 22:21:59 Warning: Warning (512): <span style = "color:Red;text-align:left"><b>SQL Error:</b> 1054: Unknown column 'User.username' in 'where clause'</span> in [CORE\cake\libs\model\datasources\dbo_source.php, line 521]
2008-10-11 22:23:01 Warning: Warning (512): <span style = "color:Red;text-align:left"><b>SQL Error:</b> 1054: Unknown column 'User.username' in 'where clause'</span> in [CORE\cake\libs\model\datasources\dbo_source.php, line 521]
2008-10-11 22:40:42 Warning: Warning (2): Cannot modify header information - headers already sent by (output started at C:\xampp\htdocs\app\app_controller.php:47) in [CORE\cake\libs\controller\controller.php, line 587]
2008-10-11 23:38:07 Warning: Warning (512): AclNode::node() - Couldn't find Aro node identified by "Array
(
    [Aro0.model] => User
    [Aro0.foreign_key] => 7
)
" in [CORE\cake\libs\model\db_acl.php, line 196]
2008-10-11 23:38:07 Warning: Warning (512): DbAcl::check() - Failed ARO/ACO node lookup in permissions check.  Node references:
Aro: Array
(
    [User] => Array
        (
            [id] => 7
            [firstname] => 
            [lastname] => 
            [name] => Ralle
            [group_id] => 2
            [email] => 
            [lastLogin] => 2008-10-11 23:08:00
        )

)

Aco: Users/index in [CORE\cake\libs\controller\components\acl.php, line 283]
2008-10-11 23:38:07 Warning: Warning (2): Cannot modify header information - headers already sent by (output started at C:\xampp\htdocs\cake\basics.php:111) in [CORE\cake\libs\controller\controller.php, line 587]
2008-10-11 23:39:16 Warning: Warning (512): AclNode::node() - Couldn't find Aro node identified by "Array
(
    [Aro0.model] => User
    [Aro0.foreign_key] => 7
)
" in [CORE\cake\libs\model\db_acl.php, line 196]
2008-10-11 23:39:16 Warning: Warning (512): DbAcl::check() - Failed ARO/ACO node lookup in permissions check.  Node references:
Aro: Array
(
    [User] => Array
        (
            [id] => 7
            [firstname] => 
            [lastname] => 
            [name] => Ralle
            [group_id] => 2
            [email] => 
            [lastLogin] => 2008-10-11 23:08:00
        )

)

Aco: Users/index in [CORE\cake\libs\controller\components\acl.php, line 283]
2008-10-11 23:39:16 Warning: Warning (2): Cannot modify header information - headers already sent by (output started at C:\xampp\htdocs\cake\basics.php:111) in [CORE\cake\libs\controller\controller.php, line 587]
2008-10-11 23:39:21 Warning: Warning (512): AclNode::node() - Couldn't find Aro node identified by "Array
(
    [Aro0.model] => User
    [Aro0.foreign_key] => 7
)
" in [CORE\cake\libs\model\db_acl.php, line 196]
2008-10-11 23:39:21 Warning: Warning (512): DbAcl::check() - Failed ARO/ACO node lookup in permissions check.  Node references:
Aro: Array
(
    [User] => Array
        (
            [id] => 7
            [firstname] => 
            [lastname] => 
            [name] => Ralle
            [group_id] => 2
            [email] => 
            [lastLogin] => 2008-10-11 23:08:00
        )

)

Aco: Users/index in [CORE\cake\libs\controller\components\acl.php, line 283]
2008-10-11 23:39:21 Warning: Warning (2): Cannot modify header information - headers already sent by (output started at C:\xampp\htdocs\cake\basics.php:111) in [CORE\cake\libs\controller\controller.php, line 587]
2008-10-11 23:39:33 Warning: Warning (512): AclNode::node() - Couldn't find Aro node identified by "Array
(
    [Aro0.model] => User
    [Aro0.foreign_key] => 7
)
" in [CORE\cake\libs\model\db_acl.php, line 196]
2008-10-11 23:39:33 Warning: Warning (512): DbAcl::check() - Failed ARO/ACO node lookup in permissions check.  Node references:
Aro: Array
(
    [User] => Array
        (
            [id] => 7
            [firstname] => 
            [lastname] => 
            [name] => Ralle
            [group_id] => 2
            [email] => 
            [lastLogin] => 2008-10-11 23:08:00
        )

)

Aco: Users/logout in [CORE\cake\libs\controller\components\acl.php, line 283]
2008-10-11 23:39:33 Warning: Warning (2): Cannot modify header information - headers already sent by (output started at C:\xampp\htdocs\cake\basics.php:111) in [CORE\cake\libs\controller\controller.php, line 587]
2008-10-11 23:39:41 Warning: Warning (512): AclNode::node() - Couldn't find Aro node identified by "Array
(
    [Aro0.model] => User
    [Aro0.foreign_key] => 7
)
" in [CORE\cake\libs\model\db_acl.php, line 196]
2008-10-11 23:39:41 Warning: Warning (512): DbAcl::check() - Failed ARO/ACO node lookup in permissions check.  Node references:
Aro: Array
(
    [User] => Array
        (
            [id] => 7
            [firstname] => 
            [lastname] => 
            [name] => Ralle
            [group_id] => 2
            [email] => 
            [lastLogin] => 2008-10-11 23:08:00
        )

)

Aco: Projects/index in [CORE\cake\libs\controller\components\acl.php, line 283]
2008-10-11 23:39:41 Warning: Warning (2): Cannot modify header information - headers already sent by (output started at C:\xampp\htdocs\cake\basics.php:111) in [CORE\cake\libs\controller\controller.php, line 587]
